TN:
SF:bank.ts
FN:8,(anonymous_0)
FN:15,(anonymous_1)
FN:20,(anonymous_2)
FN:25,(anonymous_3)
FN:30,(anonymous_4)
FN:35,(anonymous_5)
FN:36,(anonymous_6)
FN:40,(anonymous_7)
FNF:8
FNH:8
FNDA:20,(anonymous_0)
FNDA:8,(anonymous_1)
FNDA:6,(anonymous_2)
FNDA:2,(anonymous_3)
FNDA:3,(anonymous_4)
FNDA:1,(anonymous_5)
FNDA:2,(anonymous_6)
FNDA:3,(anonymous_7)
DA:1,1
DA:9,20
DA:10,20
DA:11,20
DA:12,20
DA:16,8
DA:17,8
DA:21,6
DA:22,6
DA:26,2
DA:27,2
DA:31,3
DA:32,3
DA:36,2
DA:37,1
DA:41,3
DA:42,3
DA:43,3
LF:18
LH:18
BRF:0
BRH:0
end_of_record
